make --dry-run --always-make --keep-going --print-directory
make: Entering directory '/home/daniel/Documentos/banco-de-dados-receita'
g++ -O3 -Wall -c src/util.cpp -I ./include -o obj/util.o
g++ -O3 -Wall -c src/control_delete.cpp -I ./include -o obj/control_delete.o
g++ -O3 -Wall -c src/control_select.cpp -I ./include -o obj/control_select.o
g++ -O3 -Wall -c src/control_insert.cpp -I ./include -o obj/control_insert.o
g++ -O3 -Wall -c src/control_update.cpp -I ./include -o obj/control_update.o
g++ -O3 -Wall -c src/usuario.cpp -I ./include -o obj/usuario.o
g++ -O3 -Wall -c src/passo.cpp -I ./include -o obj/passo.o
g++ -O3 -Wall -c src/etapa.cpp -I ./include -o obj/etapa.o
g++ -O3 -Wall -c src/ingrediente.cpp -I ./include -o obj/ingrediente.o
g++ -O3 -Wall -c src/receita.cpp -I ./include -o obj/receita.o
g++ -O3 -Wall -c src/foto.cpp -I ./include -o obj/foto.o
g++ -O3 -Wall -c src/curtida.cpp -I ./include -o obj/curtida.o
g++ -O3 -Wall -c src/comentario.cpp -I ./include -o obj/comentario.o
g++ -O3 -Wall -c src/control.cpp -I ./include -o obj/control.o
ar -rcs ./lib/libed.a ./obj/*.o
rm -rf ./bin/*
g++ -O3 -Wall apps/main.cpp -lm -led -L ./lib -lmysqlclient -I ./include -o bin/main
make: Leaving directory '/home/daniel/Documentos/banco-de-dados-receita'
 
