make all --print-data-base --no-builtin-variables --no-builtin-rules --question
# GNU Make 4.2.1
# Built for x86_64-pc-linux-gnu
# Copyright (C) 1988-2016 Free Software Foundation, Inc.
# License GPLv3+: GNU GPL version 3 or later <http://gnu.org/licenses/gpl.html>
# This is free software: you are free to change and redistribute it.
# There is NO WARRANTY, to the extent permitted by law.

# Make data base, printed on Fri Jul  8 15:04:47 2022

# Variables

# 'override' directive
GNUMAKEFLAGS := 
# automatic
<D = $(patsubst %/,%,$(dir $<))
# automatic
?F = $(notdir $?)
# environment
DESKTOP_SESSION = ubuntu
# default
.SHELLFLAGS := -c
# makefile (from 'Makefile', line 5)
OBJ = ./obj
# environment
XDG_SESSION_CLASS = user
# makefile (from 'Makefile', line 6)
SRC = ./src
# environment
SNAP_COMMON = /var/snap/code/common
# environment
XDG_SESSION_TYPE = x11
# environment
VSCODE_LOG_NATIVE = false
# automatic
?D = $(patsubst %/,%,$(dir $?))
# environment
IM_CONFIG_PHASE = 1
# automatic
@D = $(patsubst %/,%,$(dir $@))
# environment
XAUTHORITY = /run/user/1000/gdm/Xauthority
# environment
GDMSESSION = ubuntu
# environment
XMODIFIERS = @im=ibus
# makefile
CURDIR := /home/daniel/Documentos/banco-de-dados-receita
# makefile
SHELL = /bin/sh
# environment
SNAP_DATA = /var/snap/code/99
# environment
VSCODE_NLS_CONFIG = {"locale":"pt-br","availableLanguages":{"*":"pt-br"},"_languagePackId":"195456cb6bc5e7dd989215cd334fb359.pt-br","_translationsConfigFile":"/home/daniel/.config/Code/clp/195456cb6bc5e7dd989215cd334fb359.pt-br/tcf.json","_cacheRoot":"/home/daniel/.config/Code/clp/195456cb6bc5e7dd989215cd334fb359.pt-br","_resolvedLanguagePackCoreLocation":"/home/daniel/.config/Code/clp/195456cb6bc5e7dd989215cd334fb359.pt-br/30d9c6cd9483b2cc586687151bcbcd635f373630","_corruptedFile":"/home/daniel/.config/Code/clp/195456cb6bc5e7dd989215cd334fb359.pt-br/corrupted.info","_languagePackSupport":true}
# environment
JOURNAL_STREAM = 8:48234
# environment
XDG_CONFIG_DIRS = /etc/xdg/xdg-ubuntu:/etc/xdg
# environment
SNAP_INSTANCE_NAME = code
# environment
SNAP_ARCH = amd64
# makefile (from 'Makefile', line 1)
MAKEFILE_LIST :=  Makefile
# automatic
@F = $(notdir $@)
# environment
GIO_LAUNCHED_DESKTOP_FILE = /var/lib/snapd/desktop/applications/code_code.desktop
# environment
USERNAME = daniel
# environment
MANDATORY_PATH = /usr/share/gconf/ubuntu.mandatory.path
# environment
XDG_DATA_DIRS = /usr/share/ubuntu:/usr/local/share/:/usr/share/:/var/lib/snapd/desktop
# environment
DBUS_SESSION_BUS_ADDRESS = unix:path=/run/user/1000/bus
# environment
VSCODE_VERBOSE_LOGGING = true
# environment
_ = /snap/code/99/usr/share/code/code
# environment
MANAGERPID = 1794
# environment
LESSOPEN = | /usr/bin/lesspipe %s
# environment
VSCODE_CWD = /home/daniel
# environment
GSETTINGS_SCHEMA_DIR = /snap/code/99/usr/share/glib-2.0/schemas
# default
MAKE_HOST := x86_64-pc-linux-gnu
# environment
PATH = /usr/local/sbin:/usr/local/bin:/usr/sbin:/usr/bin:/sbin:/bin:/usr/games:/usr/local/games:/snap/bin
# environment
GPG_AGENT_INFO = /run/user/1000/gnupg/S.gpg-agent:0:1
# environment
SESSION_MANAGER = local/daniel:@/tmp/.ICE-unix/2011,unix/daniel:/tmp/.ICE-unix/2011
# environment
XDG_RUNTIME_DIR = /run/user/1000
# environment
GDK_PIXBUF_MODULE_FILE = /home/daniel/snap/code/common/.cache/gdk-pixbuf-loaders.cache
# environment
SNAP = /snap/code/99
# environment
SNAP_VERSION = 30d9c6cd
# environment
XDG_MENU_PREFIX = gnome-
# environment
VSCODE_LOG_STACK = false
# environment
DISABLE_WAYLAND = 1
# environment
ELECTRON_RUN_AS_NODE = 1
# environment
INVOCATION_ID = e28baf90a8734016b71317479b881b3a
# environment
GDK_PIXBUF_MODULEDIR = /snap/code/99/usr/lib/x86_64-linux-gnu/gdk-pixbuf-2.0/2.10.0/loaders
# makefile (from 'Makefile', line 4)
LIB = ./lib
# default
.FEATURES := target-specific order-only second-expansion else-if shortest-stem undefine oneshell archives jobserver output-sync check-symlink load
# environment
LS_COLORS = 
# environment
XDG_SESSION_DESKTOP = ubuntu
# environment
SSH_AUTH_SOCK = /run/user/1000/keyring/ssh
# environment
GIO_LAUNCHED_DESKTOP_FILE_PID = 4245
# automatic
%F = $(notdir $%)
# environment
DISPLAY = :0
# environment
VSCODE_PIPE_LOGGING = true
# environment
SNAP_INSTANCE_KEY = 
# environment
PWD = /home/daniel/Documentos/banco-de-dados-receita
# default
.LOADED := 
# environment
SSH_AGENT_PID = 1974
# environment
ORIGINAL_XDG_CURRENT_DESKTOP = ubuntu:GNOME
# environment
GTK_MODULES = gail:atk-bridge
# environment
VSCODE_AMD_ENTRYPOINT = vs/workbench/api/node/extensionHostProcess
# environment
HOME = /home/daniel
# environment
LESSCLOSE = /usr/bin/lesspipe %s %s
# environment
VSCODE_CLI = 1
# environment
VSCODE_CODE_CACHE_PATH = /home/daniel/.config/Code/CachedData/30d9c6cd9483b2cc586687151bcbcd635f373630
# environment
LOGNAME = daniel
# environment
APPLICATION_INSIGHTS_NO_DIAGNOSTIC_CHANNEL = 1
# environment
SNAP_LIBRARY_PATH = /var/lib/snapd/lib/gl:/var/lib/snapd/lib/gl32:/var/lib/snapd/void
# environment
SNAP_CONTEXT = EMrKkIEhEVpllwsQsiDAzU41fxKWWJxkSp_q4qp1lryMpkrUPsUo
# environment
ELECTRON_NO_ATTACH_CONSOLE = 1
# environment
SNAP_USER_COMMON = /home/daniel/snap/code/common
# environment
VSCODE_HANDLES_UNCAUGHT_ERRORS = true
# environment
GNOME_DESKTOP_SESSION_ID = this-is-deprecated
# automatic
^D = $(patsubst %/,%,$(dir $^))
# environment
MAKELEVEL := 0
# environment
SNAP_REAL_HOME = /home/daniel
# default
MAKE = $(MAKE_COMMAND)
# default
MAKECMDGOALS := all
# environment
QT_IM_MODULE = ibus
# environment
SNAP_USER_DATA = /home/daniel/snap/code/99
# environment
SHLVL = 0
# environment
GNOME_SHELL_SESSION_MODE = ubuntu
# environment
VSCODE_IPC_HOOK_EXTHOST = /run/user/1000/vscode-ipc-2de74705-fc91-40a4-ab48-8c4e70699822.sock
# default
MAKE_VERSION := 4.2.1
# environment
USER = daniel
# environment
SNAP_REVISION = 99
# makefile
.DEFAULT_GOAL := all
# makefile (from 'Makefile', line 3)
INCLUDE = ./include
# environment
XDG_CURRENT_DESKTOP = Unity
# automatic
%D = $(patsubst %/,%,$(dir $%))
# default
MAKE_COMMAND := make
# default
.VARIABLES := 
# automatic
*F = $(notdir $*)
# environment
LANGUAGE = pt_BR:pt:en
# environment
VSCODE_IPC_HOOK = /run/user/1000/vscode-419f9acc-1.68.1-main.sock
# environment
BAMF_DESKTOP_FILE_HINT = /var/lib/snapd/desktop/applications/code_code.desktop
# makefile
MAKEFLAGS = pqrR
# environment
MFLAGS = -pqrR
# automatic
*D = $(patsubst %/,%,$(dir $*))
# automatic
+D = $(patsubst %/,%,$(dir $+))
# environment
GDK_BACKEND = x11
# automatic
+F = $(notdir $+)
# environment
QT_ACCESSIBILITY = 1
# environment
DEFAULTS_PATH = /usr/share/gconf/ubuntu.default.path
# default
MAKEFILES := 
# environment
SNAP_COOKIE = EMrKkIEhEVpllwsQsiDAzU41fxKWWJxkSp_q4qp1lryMpkrUPsUo
# automatic
<F = $(notdir $<)
# environment
SNAP_NAME = code
# makefile (from 'Makefile', line 2)
BIN = ./bin
# makefile (from 'Makefile', line 1)
APPS = ./apps
# environment
LC_ALL = C
# environment
GJS_DEBUG_TOPICS = JS ERROR;JS LOG
# makefile (from 'Makefile', line 9)
LIBS = -lm -led -L $(LIB) -lmysqlclient
# automatic
^F = $(notdir $^)
# default
SUFFIXES := 
# makefile (from 'Makefile', line 8)
FLAGS = -O3 -Wall
# environment
SNAP_REEXEC = 
# environment
CHROME_DESKTOP = code-url-handler.desktop
# environment
WINDOWPATH = 2
# default
.INCLUDE_DIRS = /usr/include /usr/local/include /usr/include
# environment
GJS_DEBUG_OUTPUT = stderr
# default
.RECIPEPREFIX := 
# environment
LANG = C
# environment
VSCODE_PID = 4336
# variable set hash-table stats:
# Load=131/1024=13%, Rehash=0, Collisions=41/182=23%

# Pattern-specific Variable Values

 
# No pattern-specific variable values.

# Directories

# include (device 2051, inode 11404943): 17 files, no impossibilities so far.
# . (device 2051, inode 11404887): 15 files, no impossibilities.
# src (device 2051, inode 11404969): 17 files, no impossibilities so far.
# apps (device 2051, inode 11404937): No files, no impossibilities so far.

# 49 files, no impossibilities in 4 directories.

# Implicit Rules

obj/%.o: src/%.cpp include/%.hpp
#  recipe to execute (from 'Makefile', line 36):
	g++ $(FLAGS) -c $< -I $(INCLUDE) -o $@

bin/%: apps/%.cpp
#  recipe to execute (from 'Makefile', line 39):
	g++ $(FLAGS) $< $(LIBS) -I $(INCLUDE) -o $@

# 2 implicit rules, 0 (0.0%) terminal.

# Files

# Not a target:
include/receita.hpp:
#  Implicit rule search has been done.
#  Last modified 2022-07-04 23:29:16.404863274
#  File has been updated.
#  Successfully updated.

# Not a target:
src/receita.cpp:
#  Implicit rule search has been done.
#  Last modified 2022-07-06 11:30:20.180126338
#  File has been updated.
#  Successfully updated.

obj/curtida.o: src/curtida.cpp include/curtida.hpp
#  Implicit rule search has been done.
#  Implicit/static pattern stem: 'curtida'
#  Last modified 2022-07-06 12:14:11.881616605
#  File has been updated.
#  Successfully updated.
#  recipe to execute (from 'Makefile', line 36):
	g++ $(FLAGS) -c $< -I $(INCLUDE) -o $@

obj/control.o: src/control.cpp include/control.hpp
#  Implicit rule search has been done.
#  Implicit/static pattern stem: 'control'
#  Last modified 2022-07-06 12:14:14.601688662
#  File has been updated.
#  Successfully updated.
#  recipe to execute (from 'Makefile', line 36):
	g++ $(FLAGS) -c $< -I $(INCLUDE) -o $@

# Not a target:
include/control_select.hpp:
#  Implicit rule search has been done.
#  Last modified 2022-07-05 22:27:40.226647884
#  File has been updated.
#  Successfully updated.

all: libed myapps
#  Command line target.
#  Implicit rule search has been done.
#  File does not exist.
#  File has been updated.
#  Needs to be updated (-q is set).
# variable set hash-table stats:
# Load=0/32=0%, Rehash=0, Collisions=0/5=0%

r: all run
#  Implicit rule search has not been done.
#  Modification time never checked.
#  File has not been updated.

# Not a target:
src/comentario.cpp:
#  Implicit rule search has been done.
#  Last modified 2022-07-04 23:28:41.283801644
#  File has been updated.
#  Successfully updated.

obj/usuario.o: src/usuario.cpp include/usuario.hpp
#  Implicit rule search has been done.
#  Implicit/static pattern stem: 'usuario'
#  Last modified 2022-07-06 12:14:07.129490514
#  File has been updated.
#  Successfully updated.
#  recipe to execute (from 'Makefile', line 36):
	g++ $(FLAGS) -c $< -I $(INCLUDE) -o $@

obj/control_select.o: src/control_select.cpp include/control_select.hpp
#  Implicit rule search has been done.
#  Implicit/static pattern stem: 'control_select'
#  Last modified 2022-07-06 12:14:03.937405674
#  File has been updated.
#  Successfully updated.
#  recipe to execute (from 'Makefile', line 36):
	g++ $(FLAGS) -c $< -I $(INCLUDE) -o $@

obj/etapa.o: src/etapa.cpp include/etapa.hpp
#  Implicit rule search has been done.
#  Implicit/static pattern stem: 'etapa'
#  Last modified 2022-07-06 12:14:08.337522591
#  File has been updated.
#  Successfully updated.
#  recipe to execute (from 'Makefile', line 36):
	g++ $(FLAGS) -c $< -I $(INCLUDE) -o $@

libed: obj/util.o obj/control_delete.o obj/control_select.o obj/control_insert.o obj/control_update.o obj/usuario.o obj/passo.o obj/etapa.o obj/ingrediente.o obj/receita.o obj/foto.o obj/curtida.o obj/comentario.o obj/receita_salva.o obj/control.o
#  Implicit rule search has not been done.
#  Implicit/static pattern stem: ''
#  File does not exist.
#  File has been updated.
#  Needs to be updated (-q is set).
# automatic
# @ := libed
# automatic
# % := 
# automatic
# * := 
# automatic
# + := obj/util.o obj/control_delete.o obj/control_select.o obj/control_insert.o obj/control_update.o obj/usuario.o obj/passo.o obj/etapa.o obj/ingrediente.o obj/receita.o obj/foto.o obj/curtida.o obj/comentario.o obj/receita_salva.o obj/control.o
# automatic
# | := 
# automatic
# < := obj/util.o
# automatic
# ^ := obj/util.o obj/control_delete.o obj/control_select.o obj/control_insert.o obj/control_update.o obj/usuario.o obj/passo.o obj/etapa.o obj/ingrediente.o obj/receita.o obj/foto.o obj/curtida.o obj/comentario.o obj/receita_salva.o obj/control.o
# automatic
# ? := obj/util.o obj/control_delete.o obj/control_select.o obj/control_insert.o obj/control_update.o obj/usuario.o obj/passo.o obj/etapa.o obj/ingrediente.o obj/receita.o obj/foto.o obj/curtida.o obj/comentario.o obj/receita_salva.o obj/control.o
# variable set hash-table stats:
# Load=8/32=25%, Rehash=0, Collisions=1/13=8%
#  recipe to execute (from 'Makefile', line 29):
	ar -rcs $(LIB)/libed.a $(OBJ)/*.o

obj/control_insert.o: src/control_insert.cpp include/control_insert.hpp
#  Implicit rule search has been done.
#  Implicit/static pattern stem: 'control_insert'
#  Last modified 2022-07-06 12:21:35.264528776
#  File has been updated.
#  Successfully updated.
#  recipe to execute (from 'Makefile', line 36):
	g++ $(FLAGS) -c $< -I $(INCLUDE) -o $@

obj/foto.o: src/foto.cpp include/foto.hpp
#  Implicit rule search has been done.
#  Implicit/static pattern stem: 'foto'
#  Last modified 2022-07-06 12:14:11.333602076
#  File has been updated.
#  Successfully updated.
#  recipe to execute (from 'Makefile', line 36):
	g++ $(FLAGS) -c $< -I $(INCLUDE) -o $@

obj/control_update.o: src/control_update.cpp include/control_update.hpp
#  Implicit rule search has been done.
#  Implicit/static pattern stem: 'control_update'
#  Last modified 2022-07-06 12:14:06.241466923
#  File has been updated.
#  Successfully updated.
#  recipe to execute (from 'Makefile', line 36):
	g++ $(FLAGS) -c $< -I $(INCLUDE) -o $@

# Not a target:
.SUFFIXES:
#  Implicit rule search has not been done.
#  Modification time never checked.
#  File has not been updated.

obj/control_delete.o: src/control_delete.cpp include/control_delete.hpp
#  Implicit rule search has been done.
#  Implicit/static pattern stem: 'control_delete'
#  Last modified 2022-07-06 12:14:01.681345642
#  File has been updated.
#  Successfully updated.
#  recipe to execute (from 'Makefile', line 36):
	g++ $(FLAGS) -c $< -I $(INCLUDE) -o $@

# Not a target:
Makefile:
#  Implicit rule search has been done.
#  Last modified 2022-07-05 19:26:25.583406574
#  File has been updated.
#  Successfully updated.

# Not a target:
include/util.hpp:
#  Implicit rule search has been done.
#  Last modified 2022-07-06 12:13:56.281201712
#  File has been updated.
#  Successfully updated.

# Not a target:
src/util.cpp:
#  Implicit rule search has been done.
#  Last modified 2022-07-06 12:12:54.411527788
#  File has been updated.
#  Successfully updated.

# Not a target:
include/ingrediente.hpp:
#  Implicit rule search has been done.
#  Last modified 2022-07-02 20:41:53.626669502
#  File has been updated.
#  Successfully updated.

# Not a target:
src/ingrediente.cpp:
#  Implicit rule search has been done.
#  Last modified 2022-07-02 20:41:53.630669604
#  File has been updated.
#  Successfully updated.

obj/passo.o: src/passo.cpp include/passo.hpp
#  Implicit rule search has been done.
#  Implicit/static pattern stem: 'passo'
#  Last modified 2022-07-06 12:14:07.62150358
#  File has been updated.
#  Successfully updated.
#  recipe to execute (from 'Makefile', line 36):
	g++ $(FLAGS) -c $< -I $(INCLUDE) -o $@

obj/receita_salva.o: src/receita_salva.cpp include/receita_salva.hpp
#  Implicit rule search has been done.
#  Implicit/static pattern stem: 'receita_salva'
#  Last modified 2022-07-06 12:14:12.909643848
#  File has been updated.
#  Successfully updated.
#  recipe to execute (from 'Makefile', line 36):
	g++ $(FLAGS) -c $< -I $(INCLUDE) -o $@

obj/receita.o: src/receita.cpp include/receita.hpp
#  Implicit rule search has been done.
#  Implicit/static pattern stem: 'receita'
#  Last modified 2022-07-06 12:14:10.80158797
#  File has been updated.
#  Successfully updated.
#  recipe to execute (from 'Makefile', line 36):
	g++ $(FLAGS) -c $< -I $(INCLUDE) -o $@

# Not a target:
include/curtida.hpp:
#  Implicit rule search has been done.
#  Last modified 2022-07-06 11:34:20.602453912
#  File has been updated.
#  Successfully updated.

# Not a target:
include/control.hpp:
#  Implicit rule search has been done.
#  Last modified 2022-07-02 20:48:44.496833916
#  File has been updated.
#  Successfully updated.

# Not a target:
src/curtida.cpp:
#  Implicit rule search has been done.
#  Last modified 2022-07-06 11:34:17.79849117
#  File has been updated.
#  Successfully updated.

# Not a target:
src/control.cpp:
#  Implicit rule search has been done.
#  Last modified 2022-07-05 22:53:25.388931685
#  File has been updated.
#  Successfully updated.

# Not a target:
include/usuario.hpp:
#  Implicit rule search has been done.
#  Last modified 2022-07-05 21:24:22.559995022
#  File has been updated.
 
#  Successfully updated.

# Not a target:
.DEFAULT:
#  Implicit rule search has not been done.
#  Modification time never checked.
#  File has not been updated.

# Not a target:
include/etapa.hpp:
#  Implicit rule search has been done.
#  Last modified 2022-07-02 20:41:53.626669502
#  File has been updated.
#  Successfully updated.

# Not a target:
src/usuario.cpp:
#  Implicit rule search has been done.
#  Last modified 2022-07-05 22:30:39.954625527
#  File has been updated.
#  Successfully updated.

# Not a target:
src/control_select.cpp:
#  Implicit rule search has been done.
#  Last modified 2022-07-06 11:35:06.625910759
#  File has been updated.
#  Successfully updated.

# Not a target:
src/etapa.cpp:
#  Implicit rule search has been done.
#  Last modified 2022-07-04 23:58:17.984852579
#  File has been updated.
#  Successfully updated.

obj/comentario.o: src/comentario.cpp include/comentario.hpp
#  Implicit rule search has been done.
#  Implicit/static pattern stem: 'comentario'
#  Last modified 2022-07-06 12:14:12.389630068
#  File has been updated.
#  Successfully updated.
#  recipe to execute (from 'Makefile', line 36):
	g++ $(FLAGS) -c $< -I $(INCLUDE) -o $@

run:
#  Implicit rule search has not been done.
#  Modification time never checked.
#  File has not been updated.
#  recipe to execute (from 'Makefile', line 42):
	$(BIN)/main

# Not a target:
include/control_insert.hpp:
#  Implicit rule search has been done.
#  Last modified 2022-07-06 11:52:28.876510827
#  File has been updated.
#  Successfully updated.

clean:
#  Implicit rule search has not been done.
#  Modification time never checked.
#  File has not been updated.
#  recipe to execute (from 'Makefile', line 45):
	rm -rf $(BIN)/* $(LIB)/* $(OBJ)/*

# Not a target:
src/control_insert.cpp:
#  Implicit rule search has been done.
#  Last modified 2022-07-06 12:21:30.84442623
#  File has been updated.
#  Successfully updated.

# Not a target:
src/foto.cpp:
#  Implicit rule search has been done.
#  Last modified 2022-07-04 07:39:46.641299408
#  File has been updated.
#  Successfully updated.

# Not a target:
include/control_update.hpp:
#  Implicit rule search has been done.
#  Last modified 2022-07-05 00:21:31.527905374
#  File has been updated.
#  Successfully updated.

# Not a target:
src/control_update.cpp:
#  Implicit rule search has been done.
#  Last modified 2022-07-05 00:21:21.419658714
#  File has been updated.
#  Successfully updated.

# Not a target:
include/control_delete.hpp:
#  Implicit rule search has been done.
#  Last modified 2022-07-05 22:44:28.776457591
#  File has been updated.
#  Successfully updated.

# Not a target:
src/control_delete.cpp:
#  Implicit rule search has been done.
#  Last modified 2022-07-05 22:58:25.339540652
#  File has been updated.
#  Successfully updated.

# Not a target:
bin/main:
#  Implicit rule search has not been done.
#  Modification time never checked.
#  File has not been updated.

# Not a target:
include/foto.hpp:
#  Implicit rule search has been done.
#  Last modified 2022-07-04 07:33:25.905905372
#  File has been updated.
#  Successfully updated.

obj/util.o: src/util.cpp include/util.hpp
#  Implicit rule search has been done.
#  Implicit/static pattern stem: 'util'
#  Last modified 2022-07-06 12:14:00.493314006
#  File has been updated.
#  Successfully updated.
#  recipe to execute (from 'Makefile', line 36):
	g++ $(FLAGS) -c $< -I $(INCLUDE) -o $@

myapps: clean_apps bin/main
#  Implicit rule search has not been done.
#  Modification time never checked.
#  File has not been updated.

# Not a target:
include/passo.hpp:
#  Implicit rule search has been done.
#  Last modified 2022-07-02 20:41:53.626669502
#  File has been updated.
#  Successfully updated.

# Not a target:
include/comentario.hpp:
#  Implicit rule search has been done.
#  Last modified 2022-07-04 23:28:50.349183603
#  File has been updated.
#  Successfully updated.

# Not a target:
src/passo.cpp:
#  Implicit rule search has been done.
#  Last modified 2022-07-02 20:41:53.630669604
#  File has been updated.
#  Successfully updated.

clean_apps:
#  Implicit rule search has not been done.
#  Modification time never checked.
#  File has not been updated.
#  recipe to execute (from 'Makefile', line 48):
	rm -rf $(BIN)/*

# Not a target:
include/receita_salva.hpp:
#  Implicit rule search has been done.
#  Last modified 2022-07-05 19:59:42.777180781
#  File has been updated.
#  Successfully updated.

# Not a target:
src/receita_salva.cpp:
#  Implicit rule search has been done.
#  Last modified 2022-07-05 20:01:20.424599264
#  File has been updated.
#  Successfully updated.

obj/ingrediente.o: src/ingrediente.cpp include/ingrediente.hpp
#  Implicit rule search has been done.
#  Implicit/static pattern stem: 'ingrediente'
#  Last modified 2022-07-06 12:14:08.865536606
#  File has been updated.
#  Successfully updated.
#  recipe to execute (from 'Makefile', line 36):
	g++ $(FLAGS) -c $< -I $(INCLUDE) -o $@

# files hash-table stats:
# Load=56/1024=5%, Rehash=0, Collisions=15/167=9%
# VPATH Search Paths

# No 'vpath' search paths.

# No general ('VPATH' variable) search path.

# strcache buffers: 1 (0) / strings = 122 / storage = 1658 B / avg = 13 B
# current buf: size = 8162 B / used = 1658 B / count = 122 / avg = 13 B

# strcache performance: lookups = 177 / hit rate = 31%
# hash-table stats:
# Load=122/8192=1%, Rehash=0, Collisions=4/177=2%
# Finished Make data base on Fri Jul  8 15:04:47 2022

 
